Build started 12/1/2010 2:57:11 PM.
     1>Project "C:\Users\clackn\Desktop\src\libs\protobuf-2.3.0\vsprojects\lite-test.vcxproj" on node 3 (build target(s)).
     1>InitializeBuildStatus:
         Creating "Release\lite-test.unsuccessfulbuild" because "AlwaysCreate" was specified.
       CustomBuild:
         Generating unittest_lite.pb.{h,cc}...
         'Release\protoc' is not recognized as an internal or external command,
         operable program or batch file.
         Generating unittest_import_lite.pb.{h,cc}...
         'Release\protoc' is not recognized as an internal or external command,
         operable program or batch file.
     1>C:\Program Files (x86)\MSBuild\Microsoft.Cpp\v4.0\Microsoft.CppCommon.targets(151,5): error MSB6006: "cmd.exe" exited with code 9009.
     1>Done Building Project "C:\Users\clackn\Desktop\src\libs\protobuf-2.3.0\vsprojects\lite-test.vcxproj" (build target(s)) -- FAILED.

Build FAILED.

Time Elapsed 00:00:00.46
