Build started 12/1/2010 2:57:12 PM.
     1>Project "C:\Users\clackn\Desktop\src\libs\protobuf-2.3.0\vsprojects\tests.vcxproj" on node 6 (build target(s)).
     1>InitializeBuildStatus:
         Creating "Release\tests.unsuccessfulbuild" because "AlwaysCreate" was specified.
       CustomBuild:
         Generating cpp_test_bad_identifiers.pb.{h,cc}...
         'Release\protoc' is not recognized as an internal or external command,
         operable program or batch file.
         Generating unittest.pb.{h,cc}...
         'Release\protoc' is not recognized as an internal or external command,
         operable program or batch file.
         Generating unittest_custom_options.pb.{h,cc}...
         'Release\protoc' is not recognized as an internal or external command,
         operable program or batch file.
         Generating unittest_embed_optimize_for.pb.{h,cc}...
         'Release\protoc' is not recognized as an internal or external command,
         operable program or batch file.
         Generating unittest_import.pb.{h,cc}...
         'Release\protoc' is not recognized as an internal or external command,
         operable program or batch file.
         Generating unittest_lite_imports_nonlite.pb.{h,cc}...
         'Release\protoc' is not recognized as an internal or external command,
         operable program or batch file.
         Generating unittest_mset.pb.{h,cc}...
         'Release\protoc' is not recognized as an internal or external command,
         operable program or batch file.
         Generating unittest_optimize_for.pb.{h,cc}...
         'Release\protoc' is not recognized as an internal or external command,
         operable program or batch file.
         Generating unittest_no_generic_services.pb.{h,cc}...
         'Release\protoc' is not recognized as an internal or external command,
         operable program or batch file.
     1>C:\Program Files (x86)\MSBuild\Microsoft.Cpp\v4.0\Microsoft.CppCommon.targets(151,5): error MSB6006: "cmd.exe" exited with code 9009.
     1>Done Building Project "C:\Users\clackn\Desktop\src\libs\protobuf-2.3.0\vsprojects\tests.vcxproj" (build target(s)) -- FAILED.

Build FAILED.

Time Elapsed 00:00:00.08
